<?xml version="1.0" encoding="UTF-8"?>
<!-- Generated by org.testng.reporters.JUnitXMLReporter -->
<testsuite hostname="CNENLIUJ39L1C" ignored="2" name="Test" tests="3" failures="0" timestamp="01 四月 2017 11:19:38 GMT" time="0.058" errors="0">
  <testcase name="testGR1" time="0.017" classname="com.testng.sample.NewTest"/>
  <testcase name="testGR2" time="0.001" classname="com.testng.sample.NewTest"/>
  <testcase name="testGR3" time="0.002" classname="com.testng.sample.NewTest1"/>
  <testcase name="testLogin" time="0.0" classname="com.testng.sample.NewTest">
    <ignored/>
  </testcase> <!-- testLogin -->
  <testcase name="testOpenPage" time="0.0" classname="com.testng.sample.NewTest">
    <ignored/>
  </testcase> <!-- testOpenPage -->
</testsuite> <!-- Test -->
