<?xml version="1.0" encoding="UTF-8"?>
<!-- Generated by org.testng.reporters.JUnitXMLReporter -->
<testsuite hostname="CNENLIUJ39L1C" ignored="3" name="test1" tests="1" failures="0" timestamp="01 四月 2017 11:12:47 GMT" time="0.065" errors="0">
  <testcase name="testOpenPage" time="0.018" classname="com.testng.sample.NewTest"/>
  <testcase name="testGR1" time="0.0" classname="com.testng.sample.NewTest">
    <ignored/>
  </testcase> <!-- testGR1 -->
  <testcase name="testGR2" time="0.0" classname="com.testng.sample.NewTest">
    <ignored/>
  </testcase> <!-- testGR2 -->
  <testcase name="testLogin" time="0.0" classname="com.testng.sample.NewTest">
    <ignored/>
  </testcase> <!-- testLogin -->
</testsuite> <!-- test1 -->
