<?xml version="1.0" encoding="UTF-8"?>
<testng-results skipped="0" failed="0" ignored="2" total="5" passed="3">
  <reporter-output>
  </reporter-output>
  <suite name="Suite" duration-ms="58" started-at="2017-04-01T11:19:38Z" finished-at="2017-04-01T11:19:38Z">
    <groups>
      <group name="GR">
        <method signature="NewTest.testGR1()[pri:0, instance:com.testng.sample.NewTest@5e5792a0]" name="testGR1" class="com.testng.sample.NewTest"/>
        <method signature="NewTest.testGR2()[pri:0, instance:com.testng.sample.NewTest@5e5792a0]" name="testGR2" class="com.testng.sample.NewTest"/>
        <method signature="NewTest1.testGR3()[pri:0, instance:com.testng.sample.NewTest1@68c4039c]" name="testGR3" class="com.testng.sample.NewTest1"/>
      </group> <!-- GR -->
    </groups>
    <test name="Test" duration-ms="58" started-at="2017-04-01T11:19:38Z" finished-at="2017-04-01T11:19:38Z">
      <class name="com.testng.sample.NewTest">
        <test-method status="PASS" signature="testGR1()[pri:0, instance:com.testng.sample.NewTest@5e5792a0]" name="testGR1" duration-ms="17" started-at="2017-04-01T19:19:38Z" finished-at="2017-04-01T19:19:38Z">
          <reporter-output>
          </reporter-output>
        </test-method> <!-- testGR1 -->
        <test-method status="PASS" signature="testGR2()[pri:0, instance:com.testng.sample.NewTest@5e5792a0]" name="testGR2" duration-ms="1" started-at="2017-04-01T19:19:38Z" finished-at="2017-04-01T19:19:38Z">
          <reporter-output>
          </reporter-output>
        </test-method> <!-- testGR2 -->
      </class> <!-- com.testng.sample.NewTest -->
      <class name="com.testng.sample.NewTest1">
        <test-method status="PASS" signature="testGR3()[pri:0, instance:com.testng.sample.NewTest1@68c4039c]" name="testGR3" duration-ms="2" started-at="2017-04-01T19:19:38Z" finished-at="2017-04-01T19:19:38Z">
          <reporter-output>
          </reporter-output>
        </test-method> <!-- testGR3 -->
      </class> <!-- com.testng.sample.NewTest1 -->
    </test> <!-- Test -->
  </suite> <!-- Suite -->
</testng-results>
